\\MAC\HOME\DESKTOP\EXPERIMENT\EXPERIMENT\RELEASE\SERVICE.OBJ
\\MAC\HOME\DESKTOP\EXPERIMENT\EXPERIMENT\RELEASE\READER.OBJ
\\MAC\HOME\DESKTOP\EXPERIMENT\EXPERIMENT\RELEASE\MAIN.OBJ
\\MAC\HOME\DESKTOP\EXPERIMENT\EXPERIMENT\RELEASE\DICANDDOC.OBJ
\\MAC\HOME\DESKTOP\EXPERIMENT\EXPERIMENT\RELEASE\BASEMENT.OBJ
\\MAC\HOME\DESKTOP\EXPERIMENT\EXPERIMENT\RELEASE\VC110.PDB
\\MAC\HOME\DESKTOP\EXPERIMENT\RELEASE\EXPERIMENT.EXE
\\MAC\HOME\DESKTOP\EXPERIMENT\RELEASE\EXPERIMENT.PDB
\\Mac\Home\Desktop\Experiment\Experiment\Release\Basement.obj
\\Mac\Home\Desktop\Experiment\Experiment\Release\DicAndDoc.obj
\\Mac\Home\Desktop\Experiment\Experiment\Release\main.obj
\\Mac\Home\Desktop\Experiment\Experiment\Release\Reader.obj
\\Mac\Home\Desktop\Experiment\Experiment\Release\Service.obj
\\Mac\Home\Desktop\Experiment\Experiment\Release\cl.command.1.tlog
\\Mac\Home\Desktop\Experiment\Experiment\Release\cl.read.1.tlog
\\Mac\Home\Desktop\Experiment\Experiment\Release\cl.write.1.tlog
\\Mac\Home\Desktop\Experiment\Experiment\Release\link-cvtres.read.1.tlog
\\Mac\Home\Desktop\Experiment\Experiment\Release\link-cvtres.write.1.tlog
\\Mac\Home\Desktop\Experiment\Experiment\Release\link-rc.read.1.tlog
\\Mac\Home\Desktop\Experiment\Experiment\Release\link-rc.write.1.tlog
\\Mac\Home\Desktop\Experiment\Experiment\Release\link.command.1.tlog
\\Mac\Home\Desktop\Experiment\Experiment\Release\link.read.1.tlog
\\Mac\Home\Desktop\Experiment\Experiment\Release\link.write.1.tlog
\\Mac\Home\Desktop\Experiment\Experiment\Release\vc110.pdb
\\Mac\Home\Desktop\Experiment\Release\Experiment.pdb
\\Mac\Home\Desktop\Experiment\Release\Experiment.exe
